TN:
SF:src/config/database.ts
FN:7,(anonymous_0)
FNF:1
FNH:0
FNDA:0,(anonymous_0)
DA:4,0
DA:7,0
DA:8,0
LF:3
LH:0
BRF:0
BRH:0
end_of_record
TN:
SF:src/controllers/task.controller.ts
FN:15,(anonymous_0)
FN:32,(anonymous_1)
FN:49,(anonymous_2)
FN:81,(anonymous_3)
FN:107,(anonymous_4)
FNF:5
FNH:5
FNDA:3,(anonymous_0)
FNDA:4,(anonymous_1)
FNDA:4,(anonymous_2)
FNDA:4,(anonymous_3)
FNDA:3,(anonymous_4)
DA:2,1
DA:3,1
DA:9,1
DA:11,1
DA:16,3
DA:17,3
DA:18,2
DA:20,1
DA:25,2
DA:33,4
DA:34,4
DA:35,3
DA:37,3
DA:42,1
DA:50,4
DA:51,4
DA:53,4
DA:54,1
DA:60,3
DA:62,2
DA:63,1
DA:69,1
DA:74,1
DA:82,4
DA:83,4
DA:85,4
DA:86,1
DA:92,3
DA:93,2
DA:95,1
DA:100,2
DA:108,3
DA:109,3
DA:111,3
DA:112,1
DA:118,2
DA:120,1
DA:125,1
LF:38
LH:38
BRDA:53,0,0,1
BRDA:53,0,1,3
BRDA:62,1,0,1
BRDA:62,1,1,1
BRDA:85,2,0,1
BRDA:85,2,1,3
BRDA:111,3,0,1
BRDA:111,3,1,2
BRF:8
BRH:8
end_of_record
TN:
SF:src/middleware/errorHandler.ts
FN:8,errorHandler
FN:21,(anonymous_1)
FNF:2
FNH:2
FNDA:12,errorHandler
FNDA:5,(anonymous_1)
DA:2,1
DA:3,1
DA:8,1
DA:14,12
DA:17,12
DA:18,4
DA:21,5
DA:29,8
DA:31,3
DA:32,1
DA:39,2
DA:40,1
DA:48,6
LF:13
LH:13
BRDA:17,0,0,4
BRDA:17,0,1,8
BRDA:29,1,0,3
BRDA:29,1,1,5
BRDA:31,2,0,1
BRDA:31,2,1,2
BRDA:39,3,0,1
BRDA:39,3,1,1
BRDA:51,4,0,1
BRDA:51,4,1,5
BRF:10
BRH:10
end_of_record
TN:
SF:src/middleware/validateId.ts
FN:6,validateTaskId
FNF:1
FNH:1
FNDA:14,validateTaskId
DA:6,1
DA:7,14
DA:9,14
DA:10,9
DA:18,5
DA:20,5
LF:6
LH:6
BRDA:9,0,0,9
BRDA:9,0,1,5
BRDA:9,1,0,14
BRDA:9,1,1,7
BRF:4
BRH:4
end_of_record
TN:
SF:src/routes/task.routes.ts
FN:12,(anonymous_0)
FN:15,(anonymous_1)
FN:18,(anonymous_2)
FN:21,(anonymous_3)
FN:24,(anonymous_4)
FNF:5
FNH:0
FNDA:0,(anonymous_0)
FNDA:0,(anonymous_1)
FNDA:0,(anonymous_2)
FNDA:0,(anonymous_3)
FNDA:0,(anonymous_4)
DA:4,0
DA:5,0
DA:12,0
DA:15,0
DA:18,0
DA:21,0
DA:24,0
LF:7
LH:0
BRF:0
BRH:0
end_of_record
TN:
SF:src/services/task.service.ts
FN:9,(anonymous_0)
FN:18,(anonymous_1)
FN:60,(anonymous_2)
FN:69,(anonymous_3)
FN:79,(anonymous_4)
FNF:5
FNH:5
FNDA:3,(anonymous_0)
FNDA:7,(anonymous_1)
FNDA:2,(anonymous_2)
FNDA:4,(anonymous_3)
FNDA:2,(anonymous_4)
DA:1,1
DA:5,1
DA:10,3
DA:19,7
DA:21,7
DA:24,7
DA:25,1
DA:29,7
DA:30,2
DA:36,7
DA:46,7
DA:61,2
DA:70,4
DA:80,2
LF:14
LH:14
BRDA:19,0,0,0
BRDA:19,1,0,0
BRDA:24,2,0,1
BRDA:24,2,1,6
BRDA:29,3,0,2
BRDA:29,3,1,5
BRF:6
BRH:4
end_of_record
TN:
SF:src/validators/task.validator.ts
FN:17,(anonymous_0)
FN:28,(anonymous_1)
FN:29,(anonymous_2)
FN:35,(anonymous_3)
FN:36,(anonymous_4)
FNF:5
FNH:5
FNDA:13,(anonymous_0)
FNDA:17,(anonymous_1)
FNDA:17,(anonymous_2)
FNDA:17,(anonymous_3)
FNDA:17,(anonymous_4)
DA:1,2
DA:4,2
DA:11,2
DA:17,13
DA:22,2
DA:28,17
DA:29,17
DA:35,17
DA:36,17
LF:9
LH:9
BRDA:28,0,0,8
BRDA:28,0,1,9
BRDA:29,1,0,17
BRDA:29,1,1,14
BRDA:35,2,0,4
BRDA:35,2,1,13
BRF:6
BRH:6
end_of_record
